-- Found ament_cmake: 2.5.4 (/opt/ros/jazzy/share/ament_cmake/cmake)
-- Found rclcpp: 28.1.13 (/opt/ros/jazzy/share/rclcpp/cmake)
-- Found rosidl_generator_c: 4.6.6 (/opt/ros/jazzy/share/rosidl_generator_c/cmake)
-- Found rosidl_generator_cpp: 4.6.6 (/opt/ros/jazzy/share/rosidl_generator_cpp/cmake)
-- Using all available rosidl_typesupport_c: rosidl_typesupport_fastrtps_c;rosidl_typesupport_introspection_c
-- Using all available rosidl_typesupport_cpp: rosidl_typesupport_fastrtps_cpp;rosidl_typesupport_introspection_cpp
-- Found rmw_implementation_cmake: 7.3.2 (/opt/ros/jazzy/share/rmw_implementation_cmake/cmake)
-- Found rmw_fastrtps_cpp: 8.4.3 (/opt/ros/jazzy/share/rmw_fastrtps_cpp/cmake)
-- Using RMW implementation 'rmw_fastrtps_cpp' as default
-- Configuring done (0.5s)
-- Generating done (0.0s)
-- Build files have been written to: /home/chanakya/simple-hello-world-node-Chanakya-22/build/ros2_hello_world
[ 50%] [32mBuilding CXX object CMakeFiles/hello_node.dir/src/hello_node.cpp.o[0m
[100%] [32m[1mLinking CXX executable hello_node[0m
[100%] Built target hello_node
-- Install configuration: ""
-- Installing: /home/chanakya/simple-hello-world-node-Chanakya-22/install/ros2_hello_world/lib/ros2_hello_world/hello_node
-- Set non-toolchain portion of runtime path of "/home/chanakya/simple-hello-world-node-Chanakya-22/install/ros2_hello_world/lib/ros2_hello_world/hello_node" to ""
-- Installing: /home/chanakya/simple-hello-world-node-Chanakya-22/install/ros2_hello_world/share/ament_index/resource_index/package_run_dependencies/ros2_hello_world
-- Installing: /home/chanakya/simple-hello-world-node-Chanakya-22/install/ros2_hello_world/share/ament_index/resource_index/parent_prefix_path/ros2_hello_world
-- Installing: /home/chanakya/simple-hello-world-node-Chanakya-22/install/ros2_hello_world/share/ros2_hello_world/environment/ament_prefix_path.sh
-- Installing: /home/chanakya/simple-hello-world-node-Chanakya-22/install/ros2_hello_world/share/ros2_hello_world/environment/ament_prefix_path.dsv
-- Installing: /home/chanakya/simple-hello-world-node-Chanakya-22/install/ros2_hello_world/share/ros2_hello_world/environment/path.sh
-- Installing: /home/chanakya/simple-hello-world-node-Chanakya-22/install/ros2_hello_world/share/ros2_hello_world/environment/path.dsv
-- Installing: /home/chanakya/simple-hello-world-node-Chanakya-22/install/ros2_hello_world/share/ros2_hello_world/local_setup.bash
-- Installing: /home/chanakya/simple-hello-world-node-Chanakya-22/install/ros2_hello_world/share/ros2_hello_world/local_setup.sh
-- Installing: /home/chanakya/simple-hello-world-node-Chanakya-22/install/ros2_hello_world/share/ros2_hello_world/local_setup.zsh
-- Installing: /home/chanakya/simple-hello-world-node-Chanakya-22/install/ros2_hello_world/share/ros2_hello_world/local_setup.dsv
-- Installing: /home/chanakya/simple-hello-world-node-Chanakya-22/install/ros2_hello_world/share/ros2_hello_world/package.dsv
-- Installing: /home/chanakya/simple-hello-world-node-Chanakya-22/install/ros2_hello_world/share/ament_index/resource_index/packages/ros2_hello_world
-- Installing: /home/chanakya/simple-hello-world-node-Chanakya-22/install/ros2_hello_world/share/ros2_hello_world/cmake/ros2_hello_worldConfig.cmake
-- Installing: /home/chanakya/simple-hello-world-node-Chanakya-22/install/ros2_hello_world/share/ros2_hello_world/cmake/ros2_hello_worldConfig-version.cmake
-- Installing: /home/chanakya/simple-hello-world-node-Chanakya-22/install/ros2_hello_world/share/ros2_hello_world/package.xml
