[0.017s] Invoking command in '/home/chanakya/simple-hello-world-node-Chanakya-22/build/ros2_hello_world': DEBUGINFOD_URLS=https://debuginfod.ubuntu.com /usr/bin/cmake /home/chanakya/simple-hello-world-node-Chanakya-22 -DCMAKE_INSTALL_PREFIX=/home/chanakya/simple-hello-world-node-Chanakya-22/install/ros2_hello_world
[0.120s] -- The C compiler identification is GNU 13.3.0
[0.200s] -- The CXX compiler identification is GNU 13.3.0
[0.224s] -- Detecting C compiler ABI info
[0.350s] -- Detecting C compiler ABI info - done
[0.367s] -- Check for working C compiler: /usr/bin/cc - skipped
[0.368s] -- Detecting C compile features
[0.368s] -- Detecting C compile features - done
[0.379s] -- Detecting CXX compiler ABI info
[0.496s] -- Detecting CXX compiler ABI info - done
[0.502s] -- Check for working CXX compiler: /usr/bin/c++ - skipped
[0.502s] -- Detecting CXX compile features
[0.503s] -- Detecting CXX compile features - done
[0.510s] [31mCMake Error at CMakeLists.txt:9 (find_package):
[0.510s]   By not providing "Findament_cmake.cmake" in CMAKE_MODULE_PATH this project
[0.510s]   has asked CMake to find a package configuration file provided by
[0.510s]   "ament_cmake", but CMake did not find one.
[0.510s] 
[0.511s]   Could not find a package configuration file provided by "ament_cmake" with
[0.511s]   any of the following names:
[0.511s] 
[0.511s]     ament_cmakeConfig.cmake
[0.511s]     ament_cmake-config.cmake
[0.511s] 
[0.511s]   Add the installation prefix of "ament_cmake" to CMAKE_PREFIX_PATH or set
[0.511s]   "ament_cmake_DIR" to a directory containing one of the above files.  If
[0.511s]   "ament_cmake" provides a separate development package or SDK, be sure it
[0.511s]   has been installed.
[0.511s] 
[0.511s] [0m
[0.512s] -- Configuring incomplete, errors occurred!
[0.513s] Invoked command in '/home/chanakya/simple-hello-world-node-Chanakya-22/build/ros2_hello_world' returned '1': DEBUGINFOD_URLS=https://debuginfod.ubuntu.com /usr/bin/cmake /home/chanakya/simple-hello-world-node-Chanakya-22 -DCMAKE_INSTALL_PREFIX=/home/chanakya/simple-hello-world-node-Chanakya-22/install/ros2_hello_world
