[0.069s] DEBUG:colcon:Command line arguments: ['/usr/bin/colcon', 'build', '--packages-select', 'ros2_hello_world']
[0.069s] DEBUG:colcon:Parsed command line arguments: Namespace(log_base=None, log_level=None, verb_name='build', build_base='build', install_base='install', merge_install=False, symlink_install=False, test_result_base=None, continue_on_error=False, executor='parallel', parallel_workers=32, event_handlers=None, ignore_user_meta=False, metas=['./colcon.meta'], base_paths=['.'], packages_ignore=None, packages_ignore_regex=None, paths=None, packages_up_to=None, packages_up_to_regex=None, packages_above=None, packages_above_and_dependencies=None, packages_above_depth=None, packages_select_by_dep=None, packages_skip_by_dep=None, packages_skip_up_to=None, packages_select_build_failed=False, packages_skip_build_finished=False, packages_select_test_failures=False, packages_skip_test_passed=False, packages_select=['ros2_hello_world'], packages_skip=None, packages_select_regex=None, packages_skip_regex=None, packages_start=None, packages_end=None, allow_overriding=[], cmake_args=None, cmake_target=None, cmake_target_skip_unavailable=False, cmake_clean_cache=False, cmake_clean_first=False, cmake_force_configure=False, ament_cmake_args=None, catkin_cmake_args=None, catkin_skip_building_tests=False, mixin_files=None, mixin=None, verb_parser=<colcon_mixin.mixin.mixin_argument.MixinArgumentDecorator object at 0x718ee6db8170>, verb_extension=<colcon_core.verb.build.BuildVerb object at 0x718ee6d7fb30>, main=<bound method BuildVerb.main of <colcon_core.verb.build.BuildVerb object at 0x718ee6d7fb30>>, mixin_verb=('build',))
[0.094s] Level 1:colcon.colcon_core.package_discovery:discover_packages(colcon_meta) check parameters
[0.094s] Level 1:colcon.colcon_core.package_discovery:discover_packages(recursive) check parameters
[0.094s] Level 1:colcon.colcon_core.package_discovery:discover_packages(ignore) check parameters
[0.094s] Level 1:colcon.colcon_core.package_discovery:discover_packages(path) check parameters
[0.094s] Level 1:colcon.colcon_core.package_discovery:discover_packages(colcon_meta) discover
[0.095s] Level 1:colcon.colcon_core.package_discovery:discover_packages(recursive) discover
[0.095s] INFO:colcon.colcon_core.package_discovery:Crawling recursively for packages in '/home/chanakya/simple-hello-world-node-Chanakya-22'
[0.095s] Level 1:colcon.colcon_core.package_identification:_identify(.) by extensions ['ignore', 'ignore_ament_install']
[0.095s] Level 1:colcon.colcon_core.package_identification:_identify(.) by extension 'ignore'
[0.095s] Level 1:colcon.colcon_core.package_identification:_identify(.) by extension 'ignore_ament_install'
[0.095s] Level 1:colcon.colcon_core.package_identification:_identify(.) by extensions ['colcon_pkg']
[0.095s] Level 1:colcon.colcon_core.package_identification:_identify(.) by extension 'colcon_pkg'
[0.095s] Level 1:colcon.colcon_core.package_identification:_identify(.) by extensions ['colcon_meta']
[0.095s] Level 1:colcon.colcon_core.package_identification:_identify(.) by extension 'colcon_meta'
[0.095s] Level 1:colcon.colcon_core.package_identification:_identify(.) by extensions ['ros']
[0.095s] Level 1:colcon.colcon_core.package_identification:_identify(.) by extension 'ros'
[0.124s] DEBUG:colcon.colcon_core.package_identification:Package '.' with type 'ros.ament_cmake' and name 'ros2_hello_world'
[0.124s] Level 1:colcon.colcon_core.package_discovery:discover_packages(recursive) using defaults
[0.124s] Level 1:colcon.colcon_core.package_discovery:discover_packages(ignore) discover
[0.124s] Level 1:colcon.colcon_core.package_discovery:discover_packages(ignore) using defaults
[0.124s] Level 1:colcon.colcon_core.package_discovery:discover_packages(path) discover
[0.124s] Level 1:colcon.colcon_core.package_discovery:discover_packages(path) using defaults
[0.135s] Level 1:colcon.colcon_core.package_discovery:discover_packages(prefix_path) check parameters
[0.135s] Level 1:colcon.colcon_core.package_discovery:discover_packages(prefix_path) discover
[0.137s] DEBUG:colcon.colcon_installed_package_information.package_discovery:Found 341 installed packages in /opt/ros/jazzy
[0.138s] Level 1:colcon.colcon_core.package_discovery:discover_packages(prefix_path) using defaults
[0.166s] Level 5:colcon.colcon_core.verb:set package 'ros2_hello_world' build argument 'cmake_args' from command line to 'None'
[0.166s] Level 5:colcon.colcon_core.verb:set package 'ros2_hello_world' build argument 'cmake_target' from command line to 'None'
[0.166s] Level 5:colcon.colcon_core.verb:set package 'ros2_hello_world' build argument 'cmake_target_skip_unavailable' from command line to 'False'
[0.166s] Level 5:colcon.colcon_core.verb:set package 'ros2_hello_world' build argument 'cmake_clean_cache' from command line to 'False'
[0.166s] Level 5:colcon.colcon_core.verb:set package 'ros2_hello_world' build argument 'cmake_clean_first' from command line to 'False'
[0.166s] Level 5:colcon.colcon_core.verb:set package 'ros2_hello_world' build argument 'cmake_force_configure' from command line to 'False'
[0.166s] Level 5:colcon.colcon_core.verb:set package 'ros2_hello_world' build argument 'ament_cmake_args' from command line to 'None'
[0.166s] Level 5:colcon.colcon_core.verb:set package 'ros2_hello_world' build argument 'catkin_cmake_args' from command line to 'None'
[0.166s] Level 5:colcon.colcon_core.verb:set package 'ros2_hello_world' build argument 'catkin_skip_building_tests' from command line to 'False'
[0.166s] DEBUG:colcon.colcon_core.verb:Building package 'ros2_hello_world' with the following arguments: {'ament_cmake_args': None, 'build_base': '/home/chanakya/simple-hello-world-node-Chanakya-22/build/ros2_hello_world', 'catkin_cmake_args': None, 'catkin_skip_building_tests': False, 'cmake_args': None, 'cmake_clean_cache': False, 'cmake_clean_first': False, 'cmake_force_configure': False, 'cmake_target': None, 'cmake_target_skip_unavailable': False, 'install_base': '/home/chanakya/simple-hello-world-node-Chanakya-22/install/ros2_hello_world', 'merge_install': False, 'path': '/home/chanakya/simple-hello-world-node-Chanakya-22', 'symlink_install': False, 'test_result_base': None}
[0.166s] INFO:colcon.colcon_core.executor:Executing jobs using 'parallel' executor
[0.167s] DEBUG:colcon.colcon_parallel_executor.executor.parallel:run_until_complete
[0.167s] INFO:colcon.colcon_ros.task.ament_cmake.build:Building ROS package in '/home/chanakya/simple-hello-world-node-Chanakya-22' with build type 'ament_cmake'
[0.168s] INFO:colcon.colcon_cmake.task.cmake.build:Building CMake package in '/home/chanakya/simple-hello-world-node-Chanakya-22'
[0.169s] INFO:colcon.colcon_core.plugin_system:Skipping extension 'colcon_core.shell.bat': Not used on non-Windows systems
[0.169s] INFO:colcon.colcon_core.shell:Skip shell extension 'powershell' for command environment: Not usable outside of PowerShell
[0.169s] DEBUG:colcon.colcon_core.shell:Skip shell extension 'dsv' for command environment
[0.176s] DEBUG:colcon.colcon_core.event_handler.log_command:Invoking command in '/home/chanakya/simple-hello-world-node-Chanakya-22/build/ros2_hello_world': CMAKE_PREFIX_PATH=${CMAKE_PREFIX_PATH}:/opt/ros/jazzy DEBUGINFOD_URLS=https://debuginfod.ubuntu.com /usr/bin/cmake /home/chanakya/simple-hello-world-node-Chanakya-22 -DCMAKE_INSTALL_PREFIX=/home/chanakya/simple-hello-world-node-Chanakya-22/install/ros2_hello_world
[0.663s] DEBUG:colcon.colcon_core.event_handler.log_command:Invoked command in '/home/chanakya/simple-hello-world-node-Chanakya-22/build/ros2_hello_world' returned '0': CMAKE_PREFIX_PATH=${CMAKE_PREFIX_PATH}:/opt/ros/jazzy DEBUGINFOD_URLS=https://debuginfod.ubuntu.com /usr/bin/cmake /home/chanakya/simple-hello-world-node-Chanakya-22 -DCMAKE_INSTALL_PREFIX=/home/chanakya/simple-hello-world-node-Chanakya-22/install/ros2_hello_world
[0.664s] DEBUG:colcon.colcon_core.event_handler.log_command:Invoking command in '/home/chanakya/simple-hello-world-node-Chanakya-22/build/ros2_hello_world': CMAKE_PREFIX_PATH=${CMAKE_PREFIX_PATH}:/opt/ros/jazzy DEBUGINFOD_URLS=https://debuginfod.ubuntu.com /usr/bin/cmake --build /home/chanakya/simple-hello-world-node-Chanakya-22/build/ros2_hello_world -- -j32 -l32
[2.728s] DEBUG:colcon.colcon_core.event_handler.log_command:Invoked command in '/home/chanakya/simple-hello-world-node-Chanakya-22/build/ros2_hello_world' returned '0': CMAKE_PREFIX_PATH=${CMAKE_PREFIX_PATH}:/opt/ros/jazzy DEBUGINFOD_URLS=https://debuginfod.ubuntu.com /usr/bin/cmake --build /home/chanakya/simple-hello-world-node-Chanakya-22/build/ros2_hello_world -- -j32 -l32
[2.737s] DEBUG:colcon.colcon_core.event_handler.log_command:Invoking command in '/home/chanakya/simple-hello-world-node-Chanakya-22/build/ros2_hello_world': CMAKE_PREFIX_PATH=${CMAKE_PREFIX_PATH}:/opt/ros/jazzy DEBUGINFOD_URLS=https://debuginfod.ubuntu.com /usr/bin/cmake --install /home/chanakya/simple-hello-world-node-Chanakya-22/build/ros2_hello_world
[2.751s] Level 1:colcon.colcon_core.environment:create_environment_scripts_only(ros2_hello_world)
[2.751s] DEBUG:colcon.colcon_core.event_handler.log_command:Invoked command in '/home/chanakya/simple-hello-world-node-Chanakya-22/build/ros2_hello_world' returned '0': CMAKE_PREFIX_PATH=${CMAKE_PREFIX_PATH}:/opt/ros/jazzy DEBUGINFOD_URLS=https://debuginfod.ubuntu.com /usr/bin/cmake --install /home/chanakya/simple-hello-world-node-Chanakya-22/build/ros2_hello_world
[2.757s] Level 1:colcon.colcon_core.environment:checking '/home/chanakya/simple-hello-world-node-Chanakya-22/install/ros2_hello_world' for CMake module files
[2.758s] Level 1:colcon.colcon_core.environment:checking '/home/chanakya/simple-hello-world-node-Chanakya-22/install/ros2_hello_world' for CMake config files
[2.759s] Level 1:colcon.colcon_core.shell:create_environment_hook('ros2_hello_world', 'cmake_prefix_path')
[2.759s] INFO:colcon.colcon_core.shell:Creating environment hook '/home/chanakya/simple-hello-world-node-Chanakya-22/install/ros2_hello_world/share/ros2_hello_world/hook/cmake_prefix_path.ps1'
[2.760s] INFO:colcon.colcon_core.shell:Creating environment descriptor '/home/chanakya/simple-hello-world-node-Chanakya-22/install/ros2_hello_world/share/ros2_hello_world/hook/cmake_prefix_path.dsv'
[2.761s] INFO:colcon.colcon_core.shell:Creating environment hook '/home/chanakya/simple-hello-world-node-Chanakya-22/install/ros2_hello_world/share/ros2_hello_world/hook/cmake_prefix_path.sh'
[2.763s] Level 1:colcon.colcon_core.environment:checking '/home/chanakya/simple-hello-world-node-Chanakya-22/install/ros2_hello_world/lib'
[2.763s] Level 1:colcon.colcon_core.environment:checking '/home/chanakya/simple-hello-world-node-Chanakya-22/install/ros2_hello_world/bin'
[2.763s] Level 1:colcon.colcon_core.environment:checking '/home/chanakya/simple-hello-world-node-Chanakya-22/install/ros2_hello_world/lib/pkgconfig/ros2_hello_world.pc'
[2.764s] Level 1:colcon.colcon_core.environment:checking '/home/chanakya/simple-hello-world-node-Chanakya-22/install/ros2_hello_world/lib/python3.12/site-packages'
[2.764s] Level 1:colcon.colcon_core.environment:checking '/home/chanakya/simple-hello-world-node-Chanakya-22/install/ros2_hello_world/bin'
[2.765s] INFO:colcon.colcon_core.shell:Creating package script '/home/chanakya/simple-hello-world-node-Chanakya-22/install/ros2_hello_world/share/ros2_hello_world/package.ps1'
[2.766s] INFO:colcon.colcon_core.shell:Creating package descriptor '/home/chanakya/simple-hello-world-node-Chanakya-22/install/ros2_hello_world/share/ros2_hello_world/package.dsv'
[2.767s] INFO:colcon.colcon_core.shell:Creating package script '/home/chanakya/simple-hello-world-node-Chanakya-22/install/ros2_hello_world/share/ros2_hello_world/package.sh'
[2.768s] INFO:colcon.colcon_core.shell:Creating package script '/home/chanakya/simple-hello-world-node-Chanakya-22/install/ros2_hello_world/share/ros2_hello_world/package.bash'
[2.769s] INFO:colcon.colcon_core.shell:Creating package script '/home/chanakya/simple-hello-world-node-Chanakya-22/install/ros2_hello_world/share/ros2_hello_world/package.zsh'
[2.770s] Level 1:colcon.colcon_core.environment:create_file_with_runtime_dependencies(/home/chanakya/simple-hello-world-node-Chanakya-22/install/ros2_hello_world/share/colcon-core/packages/ros2_hello_world)
[2.771s] Level 1:colcon.colcon_core.environment:create_environment_scripts_only(ros2_hello_world)
[2.771s] Level 1:colcon.colcon_core.environment:checking '/home/chanakya/simple-hello-world-node-Chanakya-22/install/ros2_hello_world' for CMake module files
[2.771s] Level 1:colcon.colcon_core.environment:checking '/home/chanakya/simple-hello-world-node-Chanakya-22/install/ros2_hello_world' for CMake config files
[2.772s] Level 1:colcon.colcon_core.shell:create_environment_hook('ros2_hello_world', 'cmake_prefix_path')
[2.772s] INFO:colcon.colcon_core.shell:Creating environment hook '/home/chanakya/simple-hello-world-node-Chanakya-22/install/ros2_hello_world/share/ros2_hello_world/hook/cmake_prefix_path.ps1'
[2.772s] INFO:colcon.colcon_core.shell:Creating environment descriptor '/home/chanakya/simple-hello-world-node-Chanakya-22/install/ros2_hello_world/share/ros2_hello_world/hook/cmake_prefix_path.dsv'
[2.773s] INFO:colcon.colcon_core.shell:Creating environment hook '/home/chanakya/simple-hello-world-node-Chanakya-22/install/ros2_hello_world/share/ros2_hello_world/hook/cmake_prefix_path.sh'
[2.773s] Level 1:colcon.colcon_core.environment:checking '/home/chanakya/simple-hello-world-node-Chanakya-22/install/ros2_hello_world/lib'
[2.773s] Level 1:colcon.colcon_core.environment:checking '/home/chanakya/simple-hello-world-node-Chanakya-22/install/ros2_hello_world/bin'
[2.773s] Level 1:colcon.colcon_core.environment:checking '/home/chanakya/simple-hello-world-node-Chanakya-22/install/ros2_hello_world/lib/pkgconfig/ros2_hello_world.pc'
[2.773s] Level 1:colcon.colcon_core.environment:checking '/home/chanakya/simple-hello-world-node-Chanakya-22/install/ros2_hello_world/lib/python3.12/site-packages'
[2.774s] Level 1:colcon.colcon_core.environment:checking '/home/chanakya/simple-hello-world-node-Chanakya-22/install/ros2_hello_world/bin'
[2.774s] INFO:colcon.colcon_core.shell:Creating package script '/home/chanakya/simple-hello-world-node-Chanakya-22/install/ros2_hello_world/share/ros2_hello_world/package.ps1'
[2.775s] INFO:colcon.colcon_core.shell:Creating package descriptor '/home/chanakya/simple-hello-world-node-Chanakya-22/install/ros2_hello_world/share/ros2_hello_world/package.dsv'
[2.775s] INFO:colcon.colcon_core.shell:Creating package script '/home/chanakya/simple-hello-world-node-Chanakya-22/install/ros2_hello_world/share/ros2_hello_world/package.sh'
[2.775s] INFO:colcon.colcon_core.shell:Creating package script '/home/chanakya/simple-hello-world-node-Chanakya-22/install/ros2_hello_world/share/ros2_hello_world/package.bash'
[2.776s] INFO:colcon.colcon_core.shell:Creating package script '/home/chanakya/simple-hello-world-node-Chanakya-22/install/ros2_hello_world/share/ros2_hello_world/package.zsh'
[2.776s] Level 1:colcon.colcon_core.environment:create_file_with_runtime_dependencies(/home/chanakya/simple-hello-world-node-Chanakya-22/install/ros2_hello_world/share/colcon-core/packages/ros2_hello_world)
[2.776s] DEBUG:colcon.colcon_parallel_executor.executor.parallel:closing loop
[2.777s] DEBUG:colcon.colcon_parallel_executor.executor.parallel:loop closed
[2.777s] DEBUG:colcon.colcon_parallel_executor.executor.parallel:run_until_complete finished with '0'
[2.777s] DEBUG:colcon.colcon_core.event_reactor:joining thread
[2.782s] INFO:colcon.colcon_core.plugin_system:Skipping extension 'colcon_notification.desktop_notification.terminal_notifier': Not used on non-Darwin systems
[2.782s] INFO:colcon.colcon_core.plugin_system:Skipping extension 'colcon_notification.desktop_notification.win32': Not used on non-Windows systems
[2.782s] INFO:colcon.colcon_notification.desktop_notification:Sending desktop notification using 'notify2'
[2.796s] DEBUG:colcon.colcon_core.event_reactor:joined thread
[2.796s] INFO:colcon.colcon_core.shell:Creating prefix script '/home/chanakya/simple-hello-world-node-Chanakya-22/install/local_setup.ps1'
[2.797s] INFO:colcon.colcon_core.shell:Creating prefix util module '/home/chanakya/simple-hello-world-node-Chanakya-22/install/_local_setup_util_ps1.py'
[2.799s] INFO:colcon.colcon_core.shell:Creating prefix chain script '/home/chanakya/simple-hello-world-node-Chanakya-22/install/setup.ps1'
[2.800s] INFO:colcon.colcon_core.shell:Creating prefix script '/home/chanakya/simple-hello-world-node-Chanakya-22/install/local_setup.sh'
[2.801s] INFO:colcon.colcon_core.shell:Creating prefix util module '/home/chanakya/simple-hello-world-node-Chanakya-22/install/_local_setup_util_sh.py'
[2.801s] INFO:colcon.colcon_core.shell:Creating prefix chain script '/home/chanakya/simple-hello-world-node-Chanakya-22/install/setup.sh'
[2.802s] INFO:colcon.colcon_core.shell:Creating prefix script '/home/chanakya/simple-hello-world-node-Chanakya-22/install/local_setup.bash'
[2.802s] INFO:colcon.colcon_core.shell:Creating prefix chain script '/home/chanakya/simple-hello-world-node-Chanakya-22/install/setup.bash'
[2.803s] INFO:colcon.colcon_core.shell:Creating prefix script '/home/chanakya/simple-hello-world-node-Chanakya-22/install/local_setup.zsh'
[2.803s] INFO:colcon.colcon_core.shell:Creating prefix chain script '/home/chanakya/simple-hello-world-node-Chanakya-22/install/setup.zsh'
